2020-04-09 20:19:35,072 [Worker-2: Loading available Gradle versions] INFO  o.e.b.c.i.u.g.PublishedGradleVersions - Gradle version information cache is up-to-date. Trying to read.
2020-04-09 20:20:05,399 [Worker-6: Importing Maven projects] INFO  o.e.m.c.i.l.LifecycleMappingFactory - Using org.eclipse.m2e.jdt.JarLifecycleMapping lifecycle mapping for MavenProject: com.sms:370project:0.0.1-SNAPSHOT @ /Users/bowu/Desktop/370-project-master/370ProjectBackend/370project/pom.xml.
2020-04-09 20:20:05,574 [Worker-6: Importing Maven projects] WARN  o.e.m.c.i.embedder.EclipseLogger - The POM for com.alibaba:druid:jar:1.1.10 is invalid, transitive dependencies (if any) will not be available, enable debug logging for more details
2020-04-09 20:20:06,088 [Worker-6: Importing Maven projects] INFO  o.e.m.j.i.AbstractJavaProjectConfigurator - Adding source folder /370project/src/main/java
2020-04-09 20:20:06,089 [Worker-6: Importing Maven projects] INFO  o.e.m.j.i.AbstractJavaProjectConfigurator - Adding resource folder /370project/src/main/resources
2020-04-09 20:20:06,090 [Worker-6: Importing Maven projects] INFO  o.e.m.j.i.AbstractJavaProjectConfigurator - Adding resource folder /370project/src/main/resources
2020-04-09 20:20:06,092 [Worker-6: Importing Maven projects] INFO  o.e.m.j.i.AbstractJavaProjectConfigurator - Adding source folder /370project/src/test/java
2020-04-09 20:20:06,394 [Worker-6: Importing Maven projects] INFO  o.e.m.c.i.p.ProjectConfigurationManager - Imported and configured 1 project(s) in 1 sec
2020-04-09 20:20:07,490 [Worker-6: Building] WARN  o.e.m.c.i.embedder.EclipseLogger - The POM for com.alibaba:druid:jar:1.1.10 is invalid, transitive dependencies (if any) will not be available, enable debug logging for more details
2020-04-09 20:20:07,548 [Worker-6: Building] INFO  o.e.m.c.i.embedder.EclipseLogger - Using 'UTF-8' encoding to copy filtered resources.
2020-04-09 20:20:07,550 [Worker-6: Building] INFO  o.e.m.c.i.embedder.EclipseLogger - Copying 2 resources
2020-04-09 20:20:07,560 [Worker-6: Building] INFO  o.e.m.c.i.embedder.EclipseLogger - Copying 6 resources
2020-04-09 20:20:07,567 [Worker-6: Building] INFO  o.e.m.c.i.embedder.EclipseLogger - Using 'UTF-8' encoding to copy filtered resources.
2020-04-09 20:20:07,567 [Worker-6: Building] INFO  o.e.m.c.i.embedder.EclipseLogger - skip non existing resourceDirectory /Users/bowu/Desktop/370-project-master/370ProjectBackend/370project/src/test/resources
2020-04-09 20:20:30,038 [Worker-7: Building] INFO  o.e.m.c.i.embedder.EclipseLogger - Using 'UTF-8' encoding to copy filtered resources.
2020-04-09 20:20:30,042 [Worker-7: Building] INFO  o.e.m.c.i.embedder.EclipseLogger - Copying 1 resource
2020-04-09 20:20:30,043 [Worker-7: Building] INFO  o.e.m.c.i.embedder.EclipseLogger - Copying 0 resource
2020-04-09 20:20:30,044 [Worker-7: Building] INFO  o.e.m.c.i.embedder.EclipseLogger - Using 'UTF-8' encoding to copy filtered resources.
2020-04-09 20:20:30,045 [Worker-7: Building] INFO  o.e.m.c.i.embedder.EclipseLogger - skip non existing resourceDirectory /Users/bowu/Desktop/370-project-master/370ProjectBackend/370project/src/test/resources
2020-04-09 20:20:37,023 [Worker-9: Building] INFO  o.e.m.c.i.embedder.EclipseLogger - Using 'UTF-8' encoding to copy filtered resources.
2020-04-09 20:20:37,023 [Worker-9: Building] INFO  o.e.m.c.i.embedder.EclipseLogger - Copying 0 resource
2020-04-09 20:20:37,024 [Worker-9: Building] INFO  o.e.m.c.i.embedder.EclipseLogger - Copying 0 resource
2020-04-09 20:20:37,025 [Worker-9: Building] INFO  o.e.m.c.i.embedder.EclipseLogger - Using 'UTF-8' encoding to copy filtered resources.
2020-04-09 20:20:37,025 [Worker-9: Building] INFO  o.e.m.c.i.embedder.EclipseLogger - skip non existing resourceDirectory /Users/bowu/Desktop/370-project-master/370ProjectBackend/370project/src/test/resources
